<?xml version="1.0" encoding="UTF-8"?>
<!-- Generated by org.testng.reporters.JUnitReportReporter -->
<testsuite hostname="Admins-MacBook-Pro.local" failures="0" tests="27" name="com.bankguru.scripts.NewCustomerScript" time="-1571836288.000" errors="1" timestamp="2019-10-23T20:12:06 ICT" skipped="26">
  <testcase classname="com.bankguru.scripts.NewCustomerScript" name="NC05_AddressEmplty" time="0.000">
    <skipped/>
  </testcase> <!-- NC05_AddressEmplty -->
  <testcase classname="com.bankguru.scripts.NewCustomerScript" name="NC20_PinFieldWithSpace" time="0.000">
    <skipped/>
  </testcase> <!-- NC20_PinFieldWithSpace -->
  <testcase classname="com.bankguru.scripts.NewCustomerScript" name="BeforeClass" time="-1571836288.000">
    <error message="
Parameter &#039;browser&#039; is required by BeforeClass on method BeforeClass but has not been marked @Optional or defined
in /private/var/folders/cq/czl73n9x6fj13h9l96ctkbn80000gn/T/testng-eclipse-55327469/testng-customsuite.xml" type="org.testng.TestNGException">
      <![CDATA[org.testng.TestNGException: 
Parameter 'browser' is required by BeforeClass on method BeforeClass but has not been marked @Optional or defined
in /private/var/folders/cq/czl73n9x6fj13h9l96ctkbn80000gn/T/testng-eclipse-55327469/testng-customsuite.xml
at org.testng.internal.Parameters.createParams(Parameters.java:289)
at org.testng.internal.Parameters.createParametersForMethod(Parameters.java:377)
at org.testng.internal.Parameters.createParameters(Parameters.java:721)
at org.testng.internal.Parameters.createConfigurationParameters(Parameters.java:164)
at org.testng.internal.ConfigInvoker.invokeConfigurations(ConfigInvoker.java:275)
at org.testng.internal.TestMethodWorker.invokeBeforeClassMethods(TestMethodWorker.java:176)
at org.testng.internal.TestMethodWorker.run(TestMethodWorker.java:122)
at java.base/java.util.ArrayList.forEach(ArrayList.java:1507)
at org.testng.TestRunner.privateRun(TestRunner.java:770)
at org.testng.TestRunner.run(TestRunner.java:591)
at org.testng.SuiteRunner.runTest(SuiteRunner.java:402)
at org.testng.SuiteRunner.runSequentially(SuiteRunner.java:396)
at org.testng.SuiteRunner.privateRun(SuiteRunner.java:355)
at org.testng.SuiteRunner.run(SuiteRunner.java:304)
at org.testng.SuiteRunnerWorker.runSuite(SuiteRunnerWorker.java:53)
at org.testng.SuiteRunnerWorker.run(SuiteRunnerWorker.java:96)
at org.testng.TestNG.runSuitesSequentially(TestNG.java:1180)
at org.testng.TestNG.runSuitesLocally(TestNG.java:1102)
at org.testng.TestNG.runSuites(TestNG.java:1032)
at org.testng.TestNG.run(TestNG.java:1000)
at org.testng.remote.AbstractRemoteTestNG.run(AbstractRemoteTestNG.java:115)
at org.testng.remote.RemoteTestNG.initAndRun(RemoteTestNG.java:251)
at org.testng.remote.RemoteTestNG.main(RemoteTestNG.java:77)
]]>
    </error>
  </testcase> <!-- BeforeClass -->
  <testcase classname="com.bankguru.scripts.NewCustomerScript" name="NC10_CityWithSpecialCharacter" time="0.000">
    <skipped/>
  </testcase> <!-- NC10_CityWithSpecialCharacter -->
  <testcase classname="com.bankguru.scripts.NewCustomerScript" name="NC26_EmailFieldEmpty" time="0.000">
    <skipped/>
  </testcase> <!-- NC26_EmailFieldEmpty -->
  <testcase classname="com.bankguru.scripts.NewCustomerScript" name="NC18_PinFieldHave6Digits" time="0.000">
    <skipped/>
  </testcase> <!-- NC18_PinFieldHave6Digits -->
  <testcase classname="com.bankguru.scripts.NewCustomerScript" name="NC17_PinFieldEmpty" time="0.000">
    <skipped/>
  </testcase> <!-- NC17_PinFieldEmpty -->
  <testcase classname="com.bankguru.scripts.NewCustomerScript" name="NC13_StateFieldWithNumberic" time="0.000">
    <skipped/>
  </testcase> <!-- NC13_StateFieldWithNumberic -->
  <testcase classname="com.bankguru.scripts.NewCustomerScript" name="NC03_SpecialCharacters" time="0.000">
    <skipped/>
  </testcase> <!-- NC03_SpecialCharacters -->
  <testcase classname="com.bankguru.scripts.NewCustomerScript" name="NC12_StateFieldEmpty" time="0.000">
    <skipped/>
  </testcase> <!-- NC12_StateFieldEmpty -->
  <testcase classname="com.bankguru.scripts.NewCustomerScript" name="NC30_CreateNewCustomer" time="0.000">
    <skipped/>
  </testcase> <!-- NC30_CreateNewCustomer -->
  <testcase classname="com.bankguru.scripts.NewCustomerScript" name="NC04_FirstCharacterBlank" time="0.000">
    <skipped/>
  </testcase> <!-- NC04_FirstCharacterBlank -->
  <testcase classname="com.bankguru.scripts.NewCustomerScript" name="NC06_AddressHaveSpace" time="0.000">
    <skipped/>
  </testcase> <!-- NC06_AddressHaveSpace -->
  <testcase classname="com.bankguru.scripts.NewCustomerScript" name="NC11_CityHaveSpace" time="0.000">
    <skipped/>
  </testcase> <!-- NC11_CityHaveSpace -->
  <testcase classname="com.bankguru.scripts.NewCustomerScript" name="NC21_TelephoneFieldEmpty" time="0.000">
    <skipped/>
  </testcase> <!-- NC21_TelephoneFieldEmpty -->
  <testcase classname="com.bankguru.scripts.NewCustomerScript" name="NC02_NumericCase" time="0.000">
    <skipped/>
  </testcase> <!-- NC02_NumericCase -->
  <testcase classname="com.bankguru.scripts.NewCustomerScript" name="NC09_CityWithNumberic" time="0.000">
    <skipped/>
  </testcase> <!-- NC09_CityWithNumberic -->
  <testcase classname="com.bankguru.scripts.NewCustomerScript" name="NC15_SateFieldWithSpace" time="0.000">
    <skipped/>
  </testcase> <!-- NC15_SateFieldWithSpace -->
  <testcase classname="com.bankguru.scripts.NewCustomerScript" name="NC08_CityFiledEmpty" time="0.000">
    <skipped/>
  </testcase> <!-- NC08_CityFiledEmpty -->
  <testcase classname="com.bankguru.scripts.NewCustomerScript" name="NC22_TelephoneFieldHaveSpace" time="0.000">
    <skipped/>
  </testcase> <!-- NC22_TelephoneFieldHaveSpace -->
  <testcase classname="com.bankguru.scripts.NewCustomerScript" name="NC01_NewCustomer01" time="0.000">
    <skipped/>
  </testcase> <!-- NC01_NewCustomer01 -->
  <testcase classname="com.bankguru.scripts.NewCustomerScript" name="NC29_EmailFieldWithSpace" time="0.000">
    <skipped/>
  </testcase> <!-- NC29_EmailFieldWithSpace -->
  <testcase classname="com.bankguru.scripts.NewCustomerScript" name="NC27_EmailFieldWithIncorrectFormat" time="0.000">
    <skipped/>
  </testcase> <!-- NC27_EmailFieldWithIncorrectFormat -->
  <testcase classname="com.bankguru.scripts.NewCustomerScript" name="NC14_StateFieldWithSpecialCharacter" time="0.000">
    <skipped/>
  </testcase> <!-- NC14_StateFieldWithSpecialCharacter -->
  <testcase classname="com.bankguru.scripts.NewCustomerScript" name="NC16_PINFiledWithNumberic" time="0.000">
    <skipped/>
  </testcase> <!-- NC16_PINFiledWithNumberic -->
  <testcase classname="com.bankguru.scripts.NewCustomerScript" name="NC19_PinFieldWithSpecialCharcter" time="0.000">
    <skipped/>
  </testcase> <!-- NC19_PinFieldWithSpecialCharcter -->
  <testcase classname="com.bankguru.scripts.NewCustomerScript" name="NC25_TelephoneFieldWithSpecialCharacter" time="0.000">
    <skipped/>
  </testcase> <!-- NC25_TelephoneFieldWithSpecialCharacter -->
</testsuite> <!-- com.bankguru.scripts.NewCustomerScript -->
