<?xml version="1.0" encoding="UTF-8"?>
<!-- Generated by org.testng.reporters.JUnitReportReporter -->
<testsuite hostname="Admins-MacBook-Pro.local" failures="0" tests="19" name="com.bankguru.scripts.EditCustomerScript" time="79.524" errors="0" timestamp="2019-10-24T20:46:59 ICT" skipped="0">
  <testcase classname="com.bankguru.scripts.EditCustomerScript" name="EC19_TelephoneWithEmpty" time="5.385"/>
  <testcase classname="com.bankguru.scripts.EditCustomerScript" name="EC09_CityIsEmpty" time="5.692"/>
  <testcase classname="com.bankguru.scripts.EditCustomerScript" name="EC02_CustomerIdNotNumberic" time="2.116"/>
  <testcase classname="com.bankguru.scripts.EditCustomerScript" name="EC14_StateFieldWithSpecialCharacter" time="3.200"/>
  <testcase classname="com.bankguru.scripts.EditCustomerScript" name="EC18_PINWithSpecialCharacter" time="3.561"/>
  <testcase classname="com.bankguru.scripts.EditCustomerScript" name="EC04_ValidCustomerId" time="3.489"/>
  <testcase classname="com.bankguru.scripts.EditCustomerScript" name="EC15_PINMustBeNumeric" time="6.147"/>
  <testcase classname="com.bankguru.scripts.EditCustomerScript" name="EC22_EmailWithInvalidFormat" time="7.134"/>
  <testcase classname="com.bankguru.scripts.EditCustomerScript" name="EC16_PINFieldEmpty" time="4.577"/>
  <testcase classname="com.bankguru.scripts.EditCustomerScript" name="EC01_CustomerIdEmpty" time="1.943"/>
  <testcase classname="com.bankguru.scripts.EditCustomerScript" name="EC17_PINMustHave6Digits" time="4.435"/>
  <testcase classname="com.bankguru.scripts.EditCustomerScript" name="EC11_CityCannotHaveSpecialCharacter" time="2.869"/>
  <testcase classname="com.bankguru.scripts.EditCustomerScript" name="EC12_StateFieldEmpty" time="2.724"/>
  <testcase classname="com.bankguru.scripts.EditCustomerScript" name="EC21_EmailEmpty" time="4.771"/>
  <testcase classname="com.bankguru.scripts.EditCustomerScript" name="EC13_StateWithNumeric" time="7.119"/>
  <testcase classname="com.bankguru.scripts.EditCustomerScript" name="EC20_TelephoneWithSpecialCharacter" time="3.968"/>
  <testcase classname="com.bankguru.scripts.EditCustomerScript" name="EC10_CityNotNumberic" time="3.256"/>
  <testcase classname="com.bankguru.scripts.EditCustomerScript" name="EC03_CustomerIdhaveSpecialCharacter" time="3.972"/>
  <testcase classname="com.bankguru.scripts.EditCustomerScript" name="EC08_AddressIsEmpty" time="3.166"/>
</testsuite> <!-- com.bankguru.scripts.EditCustomerScript -->
