<?xml version="1.0" encoding="UTF-8"?>
<!-- Generated by org.testng.reporters.JUnitReportReporter -->
<testsuite hostname="Admins-MacBook-Pro.local" failures="0" tests="26" name="com.bankguru.scripts.NewCustomerScript" time="53.034" errors="0" timestamp="2019-10-24T20:46:59 ICT" skipped="0">
  <testcase classname="com.bankguru.scripts.NewCustomerScript" name="NC09_CityWithNumberic" time="1.373"/>
  <testcase classname="com.bankguru.scripts.NewCustomerScript" name="NC19_PinFieldWithSpecialCharcter" time="1.405"/>
  <testcase classname="com.bankguru.scripts.NewCustomerScript" name="NC11_CityHaveSpace" time="1.907"/>
  <testcase classname="com.bankguru.scripts.NewCustomerScript" name="NC01_NewCustomer01" time="2.658"/>
  <testcase classname="com.bankguru.scripts.NewCustomerScript" name="NC21_TelephoneFieldEmpty" time="5.457"/>
  <testcase classname="com.bankguru.scripts.NewCustomerScript" name="NC22_TelephoneFieldHaveSpace" time="1.701"/>
  <testcase classname="com.bankguru.scripts.NewCustomerScript" name="NC13_StateFieldWithNumberic" time="1.078"/>
  <testcase classname="com.bankguru.scripts.NewCustomerScript" name="NC29_EmailFieldWithSpace" time="0.990"/>
  <testcase classname="com.bankguru.scripts.NewCustomerScript" name="NC16_PINFiledWithNumberic" time="1.556"/>
  <testcase classname="com.bankguru.scripts.NewCustomerScript" name="NC12_StateFieldEmpty" time="1.907"/>
  <testcase classname="com.bankguru.scripts.NewCustomerScript" name="NC15_SateFieldWithSpace" time="2.549"/>
  <testcase classname="com.bankguru.scripts.NewCustomerScript" name="NC03_SpecialCharacters" time="1.393"/>
  <testcase classname="com.bankguru.scripts.NewCustomerScript" name="NC18_PinFieldHave6Digits" time="2.587"/>
  <testcase classname="com.bankguru.scripts.NewCustomerScript" name="NC17_PinFieldEmpty" time="1.417"/>
  <testcase classname="com.bankguru.scripts.NewCustomerScript" name="NC10_CityWithSpecialCharacter" time="1.305"/>
  <testcase classname="com.bankguru.scripts.NewCustomerScript" name="NC26_EmailFieldEmpty" time="1.288"/>
  <testcase classname="com.bankguru.scripts.NewCustomerScript" name="NC14_StateFieldWithSpecialCharacter" time="1.027"/>
  <testcase classname="com.bankguru.scripts.NewCustomerScript" name="NC06_AddressHaveSpace" time="2.820"/>
  <testcase classname="com.bankguru.scripts.NewCustomerScript" name="NC05_AddressEmplty" time="1.814"/>
  <testcase classname="com.bankguru.scripts.NewCustomerScript" name="NC20_PinFieldWithSpace" time="3.151"/>
  <testcase classname="com.bankguru.scripts.NewCustomerScript" name="NC25_TelephoneFieldWithSpecialCharacter" time="2.036"/>
  <testcase classname="com.bankguru.scripts.NewCustomerScript" name="NC04_FirstCharacterBlank" time="1.306"/>
  <testcase classname="com.bankguru.scripts.NewCustomerScript" name="NC08_CityFiledEmpty" time="0.905"/>
  <testcase classname="com.bankguru.scripts.NewCustomerScript" name="NC02_NumericCase" time="1.061"/>
  <testcase classname="com.bankguru.scripts.NewCustomerScript" name="NC30_CreateNewCustomer" time="6.392"/>
  <testcase classname="com.bankguru.scripts.NewCustomerScript" name="NC27_EmailFieldWithIncorrectFormat" time="1.951"/>
</testsuite> <!-- com.bankguru.scripts.NewCustomerScript -->
