<?xml version="1.0" encoding="UTF-8"?>
<!-- Generated by org.testng.reporters.JUnitReportReporter -->
<testsuite hostname="Admins-MacBook-Pro.local" failures="0" tests="1" name="com.bankguru.scripts.RegisterNewAccountScript" time="5.540" errors="0" timestamp="2019-10-24T20:46:59 ICT" skipped="0">
  <testcase classname="com.bankguru.scripts.RegisterNewAccountScript" name="RegisterScript" time="5.540"/>
</testsuite> <!-- com.bankguru.scripts.RegisterNewAccountScript -->
