<?xml version="1.0" encoding="UTF-8"?>
<!-- Generated by org.testng.reporters.JUnitReportReporter -->
<testsuite hostname="Admins-MacBook-Pro.local" failures="0" tests="1" name="PracticeCSS.demo" time="1.645" errors="0" timestamp="2019-10-23T20:31:28 ICT" skipped="0">
  <testcase classname="PracticeCSS.demo" name="Exercise02" time="1.645"/>
</testsuite> <!-- PracticeCSS.demo -->
